<?xml version="1.0" encoding="UTF-8"?>
<!-- Generated by org.testng.reporters.JUnitXMLReporter -->
<testsuite ignored="0" hostname="DESKTOP-5NPJ8L2" failures="2" tests="6" name="Surefire test" time="11.486" errors="0" timestamp="2024-05-29T07:49:12 IST">
  <testcase classname="api.test.DataDrivenTest" name="testPostUser" time="0.0">
    <failure type="java.lang.RuntimeException" message="java.lang.NullPointerException: Cannot invoke &amp;quot;org.apache.poi.xssf.usermodel.XSSFRow.getCell(int)&amp;quot; because &amp;quot;this.row&amp;quot; is null">
      <![CDATA[java.lang.RuntimeException: java.lang.NullPointerException: Cannot invoke "org.apache.poi.xssf.usermodel.XSSFRow.getCell(int)" because "this.row" is null
at java.base/java.util.ArrayList.forEach(ArrayList.java:1511)
Caused by: java.lang.NullPointerException: Cannot invoke "org.apache.poi.xssf.usermodel.XSSFRow.getCell(int)" because "this.row" is null
at api.utilities.XLUtility.getCellData(XLUtility.java:58)
at api.utilities.DataProviders.getAllData(DataProviders.java:23)
... 30 more
... Removed 37 stack frames]]>
    </failure>
  </testcase> <!-- testPostUser -->
  <testcase classname="api.test.DataDrivenTest" name="testDeletUser" time="0.0">
    <failure type="java.lang.RuntimeException" message="java.lang.NullPointerException: Cannot invoke &amp;quot;org.apache.poi.xssf.usermodel.XSSFRow.getCell(int)&amp;quot; because &amp;quot;this.row&amp;quot; is null">
      <![CDATA[java.lang.RuntimeException: java.lang.NullPointerException: Cannot invoke "org.apache.poi.xssf.usermodel.XSSFRow.getCell(int)" because "this.row" is null
at java.base/java.util.ArrayList.forEach(ArrayList.java:1511)
Caused by: java.lang.NullPointerException: Cannot invoke "org.apache.poi.xssf.usermodel.XSSFRow.getCell(int)" because "this.row" is null
at api.utilities.XLUtility.getCellData(XLUtility.java:58)
at api.utilities.DataProviders.getUserName(DataProviders.java:42)
... 30 more
... Removed 37 stack frames]]>
    </failure>
  </testcase> <!-- testDeletUser -->
  <testcase classname="api.test.UserTests" name="testPostUser" time="4.104"/>
  <testcase classname="api.test.UserTests" name="testGetUserByName" time="1.234"/>
  <testcase classname="api.test.UserTests" name="testUpdateUser" time="1.24"/>
  <testcase classname="api.test.UserTests" name="testDeleteUserByName" time="1.254"/>
</testsuite> <!-- Surefire test -->
