<?xml version="1.0" encoding="UTF-8"?>
<!-- Generated by org.testng.reporters.JUnitXMLReporter -->
<testsuite ignored="0" hostname="DESKTOP-5NPJ8L2" failures="0" tests="3" name="Default test" time="7.932" errors="0" timestamp="2024-05-25T09:36:51 IST">
  <testcase classname="api.test.UserTests" name="testPostUser" time="5.093"/>
  <testcase classname="api.test.UserTests" name="testGetUserByName" time="1.212"/>
  <testcase classname="api.test.UserTests" name="testUpdateUser" time="1.214"/>
</testsuite> <!-- Default test -->
