<?xml version="1.0" encoding="UTF-8"?>
<!-- Generated by org.testng.reporters.JUnitXMLReporter -->
<testsuite ignored="0" hostname="DESKTOP-5NPJ8L2" failures="0" tests="4" name="Default test" time="10.16" errors="0" timestamp="2024-05-26T22:48:09 IST">
  <testcase classname="api.test.UserTests" name="testPostUser" time="4.39"/>
  <testcase classname="api.test.UserTests" name="testGetUserByName" time="1.595"/>
  <testcase classname="api.test.UserTests" name="testUpdateUser" time="1.523"/>
  <testcase classname="api.test.UserTests" name="testDeleteUserByName" time="1.419"/>
</testsuite> <!-- Default test -->
