<?xml version="1.0" encoding="UTF-8"?>
<!-- Generated by org.testng.reporters.JUnitXMLReporter -->
<testsuite ignored="0" hostname="DESKTOP-5NPJ8L2" failures="0" tests="4" name="Test" time="8.945" errors="0" timestamp="2024-05-27T08:39:07 IST">
  <testcase classname="api.test.UserTestsByPropertiesFile" name="testPostUser" time="4.014"/>
  <testcase classname="api.test.UserTestsByPropertiesFile" name="testGetUserByName" time="1.194"/>
  <testcase classname="api.test.UserTestsByPropertiesFile" name="testUpdateUser" time="1.142"/>
  <testcase classname="api.test.UserTestsByPropertiesFile" name="testDeleteUserByName" time="1.141"/>
</testsuite> <!-- Test -->
