<?xml version="1.0" encoding="UTF-8"?>
<testng-results ignored="0" total="3" passed="3" failed="0" skipped="0">
  <reporter-output>
  </reporter-output>
  <suite started-at="2024-05-25T09:36:43 IST" name="Default suite" finished-at="2024-05-25T09:36:51 IST" duration-ms="7932">
    <groups>
    </groups>
    <test started-at="2024-05-25T09:36:43 IST" name="Default test" finished-at="2024-05-25T09:36:51 IST" duration-ms="7932">
      <class name="api.test.UserTests">
        <test-method is-config="true" signature="setupData()[pri:0, instance:api.test.UserTests@313ac989]" started-at="2024-05-25T09:36:43 IST" name="setupData" finished-at="2024-05-25T09:36:44 IST" duration-ms="320" status="PASS">
          <reporter-output>
          </reporter-output>
        </test-method> <!-- setupData -->
        <test-method signature="testPostUser()[pri:1, instance:api.test.UserTests@313ac989]" started-at="2024-05-25T09:36:44 IST" name="testPostUser" finished-at="2024-05-25T09:36:49 IST" duration-ms="5093" status="PASS">
          <reporter-output>
          </reporter-output>
        </test-method> <!-- testPostUser -->
        <test-method signature="testGetUserByName()[pri:2, instance:api.test.UserTests@313ac989]" started-at="2024-05-25T09:36:49 IST" name="testGetUserByName" finished-at="2024-05-25T09:36:50 IST" duration-ms="1212" status="PASS">
          <reporter-output>
          </reporter-output>
        </test-method> <!-- testGetUserByName -->
        <test-method signature="testUpdateUser()[pri:3, instance:api.test.UserTests@313ac989]" started-at="2024-05-25T09:36:50 IST" name="testUpdateUser" finished-at="2024-05-25T09:36:51 IST" duration-ms="1214" status="PASS">
          <reporter-output>
          </reporter-output>
        </test-method> <!-- testUpdateUser -->
      </class> <!-- api.test.UserTests -->
    </test> <!-- Default test -->
  </suite> <!-- Default suite -->
</testng-results>
