<?xml version="1.0" encoding="UTF-8"?>
<testng-results ignored="0" total="4" passed="4" failed="0" skipped="0">
  <reporter-output>
  </reporter-output>
  <suite started-at="2024-05-27T08:38:58 IST" name="Suite" finished-at="2024-05-27T08:39:07 IST" duration-ms="8945">
    <groups>
    </groups>
    <test started-at="2024-05-27T08:38:58 IST" name="Test" finished-at="2024-05-27T08:39:07 IST" duration-ms="8945">
      <class name="api.test.UserTestsByPropertiesFile">
        <test-method is-config="true" signature="setup()[pri:0, instance:api.test.UserTestsByPropertiesFile@7cc0cdad]" started-at="2024-05-27T08:38:58 IST" name="setup" finished-at="2024-05-27T08:38:59 IST" duration-ms="991" status="PASS">
          <reporter-output>
          </reporter-output>
        </test-method> <!-- setup -->
        <test-method signature="testPostUser()[pri:1, instance:api.test.UserTestsByPropertiesFile@7cc0cdad]" started-at="2024-05-27T08:38:59 IST" name="testPostUser" finished-at="2024-05-27T08:39:03 IST" duration-ms="4014" status="PASS">
          <reporter-output>
          </reporter-output>
        </test-method> <!-- testPostUser -->
        <test-method signature="testGetUserByName()[pri:2, instance:api.test.UserTestsByPropertiesFile@7cc0cdad]" started-at="2024-05-27T08:39:03 IST" name="testGetUserByName" finished-at="2024-05-27T08:39:04 IST" duration-ms="1194" status="PASS">
          <reporter-output>
          </reporter-output>
        </test-method> <!-- testGetUserByName -->
        <test-method signature="testUpdateUser()[pri:3, instance:api.test.UserTestsByPropertiesFile@7cc0cdad]" started-at="2024-05-27T08:39:04 IST" name="testUpdateUser" finished-at="2024-05-27T08:39:06 IST" duration-ms="1142" status="PASS">
          <reporter-output>
          </reporter-output>
        </test-method> <!-- testUpdateUser -->
        <test-method signature="testDeleteUserByName()[pri:4, instance:api.test.UserTestsByPropertiesFile@7cc0cdad]" started-at="2024-05-27T08:39:06 IST" name="testDeleteUserByName" finished-at="2024-05-27T08:39:07 IST" duration-ms="1141" status="PASS">
          <reporter-output>
          </reporter-output>
        </test-method> <!-- testDeleteUserByName -->
      </class> <!-- api.test.UserTestsByPropertiesFile -->
    </test> <!-- Test -->
  </suite> <!-- Suite -->
</testng-results>
